<?xml version="1.0" encoding="UTF-8"?>
<!-- Generated by org.testng.reporters.JUnitReportReporter -->
<testsuite hostname="DESKTOP-709RAG9" failures="0" tests="4" name="testCases.UseCase_2" time="38.874" errors="0" timestamp="2024-12-01T21:12:09 IST" skipped="0">
  <testcase classname="testCases.UseCase_2" name="veryfyHRMLogin" time="4.454"/>
  <testcase classname="testCases.UseCase_2" name="veryfyHRMLogin" time="11.595"/>
  <testcase classname="testCases.UseCase_2" name="veryfyHRMLogin" time="11.243"/>
  <testcase classname="testCases.UseCase_2" name="veryfyHRMLogin" time="11.582"/>
</testsuite> <!-- testCases.UseCase_2 -->
