<?xml version="1.0" encoding="UTF-8"?>
<!-- Generated by org.testng.reporters.JUnitReportReporter -->
<testsuite hostname="DESKTOP-709RAG9" failures="0" tests="1" name="testCases.UseCase_1" time="12.600" errors="0" timestamp="2024-12-01T21:11:07 IST" skipped="0">
  <testcase classname="testCases.UseCase_1" name="bookTicket" time="12.600"/>
</testsuite> <!-- testCases.UseCase_1 -->
